Base path: C:/Program Files/Unity/Editor/Data
Pipe name: \\.\pipe\UnityShaderCompiler-64bit-1-34132
Cmd: getPlatforms
Cmd: preprocess
  insize=9628 outsize=2293 ok=1
Cmd: compileSnippet
  api=4 type=0 insize=6977 outsize=1006 kw= pd= ok=1
Cmd: compileSnippet
  api=4 type=1 insize=6977 outsize=1899 kw= pd= ok=1
Cmd: compileSnippet
  api=4 type=0 insize=6972 outsize=1006 kw= pd= ok=1
Cmd: compileSnippet
  api=4 type=1 insize=6972 outsize=3565 kw= pd= ok=1
Cmd: compileSnippet
  api=4 type=0 insize=6972 outsize=1006 kw= pd= ok=1
Cmd: compileSnippet
  api=4 type=1 insize=6972 outsize=1485 kw= pd= ok=1
Cmd: compileSnippet
  api=4 type=0 insize=6979 outsize=1006 kw= pd= ok=1
Cmd: compileSnippet
  api=4 type=1 insize=6979 outsize=1461 kw= pd= ok=1
Cmd: compileSnippet
  api=4 type=0 insize=6974 outsize=1006 kw= pd= ok=1
Cmd: compileSnippet
  api=4 type=1 insize=6974 outsize=1810 kw= pd= ok=1
Cmd: compileSnippet
  api=4 type=0 insize=6974 outsize=1006 kw= pd= ok=1
Cmd: compileSnippet
  api=4 type=1 insize=6974 outsize=1485 kw= pd= ok=1
Cmd: compileSnippet
  api=4 type=0 insize=6983 outsize=1006 kw= pd= ok=1
Cmd: compileSnippet
  api=4 type=1 insize=6983 outsize=1444 kw= pd= ok=1
Cmd: compileSnippet
  api=4 type=0 insize=6988 outsize=1006 kw= pd= ok=1
Cmd: compileSnippet
  api=4 type=1 insize=6988 outsize=1363 kw= pd= ok=1
Cmd: compileSnippet
  api=4 type=0 insize=6981 outsize=1006 kw= pd= ok=1
Cmd: compileSnippet
  api=4 type=1 insize=6981 outsize=868 kw= pd= ok=1
Cmd: compileSnippet
  api=4 type=0 insize=6979 outsize=1006 kw= pd= ok=1
Cmd: compileSnippet
  api=4 type=1 insize=6979 outsize=1526 kw= pd= ok=1
Cmd: compileSnippet
  api=4 type=0 insize=6986 outsize=1006 kw= pd= ok=1
Cmd: compileSnippet
  api=4 type=1 insize=6986 outsize=1948 kw= pd= ok=1
Cmd: preprocess
  insize=1213 outsize=389 ok=1
Cmd: preprocess
  insize=1727 outsize=682 ok=1
Cmd: preprocess
  insize=574 outsize=259 ok=1
Cmd: preprocess
  insize=32615 outsize=273 ok=1
Cmd: preprocess
  insize=11084 outsize=718 ok=1
Cmd: preprocess
  insize=6870 outsize=844 ok=1
Cmd: compileSnippet
  error: 1 plat 4 at (42): 'INPUT_SAMPLE_COUNT' : macro redefinition\nCompiling Vertex program
  error: 1 plat 4 at (45): 'INPUT_SAMPLE_COUNT' : macro redefinition\nCompiling Vertex program
  error: 1 plat 4 at (48): 'INPUT_SAMPLE_COUNT' : macro redefinition\nCompiling Vertex program
  api=4 type=0 insize=1903 outsize=1225 kw= pd= ok=1
Cmd: compileSnippet
  error: 1 plat 4 at (42): 'INPUT_SAMPLE_COUNT' : macro redefinition\nCompiling Fragment program
  error: 1 plat 4 at (45): 'INPUT_SAMPLE_COUNT' : macro redefinition\nCompiling Fragment program
  error: 1 plat 4 at (48): 'INPUT_SAMPLE_COUNT' : macro redefinition\nCompiling Fragment program
  api=4 type=1 insize=1903 outsize=12251 kw= pd= ok=1
Cmd: compileSnippet
  error: 1 plat 4 at (42): 'INPUT_SAMPLE_COUNT' : macro redefinition\nCompiling Vertex program
  error: 1 plat 4 at (45): 'INPUT_SAMPLE_COUNT' : macro redefinition\nCompiling Vertex program
  error: 1 plat 4 at (48): 'INPUT_SAMPLE_COUNT' : macro redefinition\nCompiling Vertex program
  api=4 type=0 insize=2173 outsize=1225 kw= pd= ok=1
Cmd: compileSnippet
  error: 1 plat 4 at (42): 'INPUT_SAMPLE_COUNT' : macro redefinition\nCompiling Fragment program
  error: 1 plat 4 at (45): 'INPUT_SAMPLE_COUNT' : macro redefinition\nCompiling Fragment program
  error: 1 plat 4 at (48): 'INPUT_SAMPLE_COUNT' : macro redefinition\nCompiling Fragment program
  api=4 type=1 insize=2173 outsize=20148 kw= pd= ok=1
Cmd: compileSnippet
  error: 1 plat 4 at (42): 'INPUT_SAMPLE_COUNT' : macro redefinition\nCompiling Vertex program
  error: 1 plat 4 at (45): 'INPUT_SAMPLE_COUNT' : macro redefinition\nCompiling Vertex program
  error: 1 plat 4 at (48): 'INPUT_SAMPLE_COUNT' : macro redefinition\nCompiling Vertex program
  api=4 type=0 insize=2691 outsize=1225 kw= pd= ok=1
Cmd: compileSnippet
  error: 1 plat 4 at (42): 'INPUT_SAMPLE_COUNT' : macro redefinition\nCompiling Fragment program
  error: 1 plat 4 at (45): 'INPUT_SAMPLE_COUNT' : macro redefinition\nCompiling Fragment program
  error: 1 plat 4 at (48): 'INPUT_SAMPLE_COUNT' : macro redefinition\nCompiling Fragment program
  api=4 type=1 insize=2691 outsize=35943 kw= pd= ok=1
Cmd: compileSnippet
  error: 1 plat 4 at (42): 'INPUT_SAMPLE_COUNT' : macro redefinition\nCompiling Vertex program
  error: 1 plat 4 at (45): 'INPUT_SAMPLE_COUNT' : macro redefinition\nCompiling Vertex program
  error: 1 plat 4 at (48): 'INPUT_SAMPLE_COUNT' : macro redefinition\nCompiling Vertex program
  error: 1 plat 4 at (230): 's': loop control variable conflicts with a previous declaration in the outer scope; most recent declaration will be used\nCompiling Vertex program
  api=4 type=0 insize=2992 outsize=1087 kw= pd= ok=1
Cmd: compileSnippet
  error: 1 plat 4 at (42): 'INPUT_SAMPLE_COUNT' : macro redefinition\nCompiling Fragment program
  error: 1 plat 4 at (45): 'INPUT_SAMPLE_COUNT' : macro redefinition\nCompiling Fragment program
  error: 1 plat 4 at (48): 'INPUT_SAMPLE_COUNT' : macro redefinition\nCompiling Fragment program
  error: 1 plat 4 at (230): 's': loop control variable conflicts with a previous declaration in the outer scope; most recent declaration will be used\nCompiling Fragment program
  api=4 type=1 insize=2992 outsize=4028 kw= pd= ok=1
Cmd: compileSnippet
  error: 1 plat 4 at (42): 'INPUT_SAMPLE_COUNT' : macro redefinition\nCompiling Vertex program
  error: 1 plat 4 at (45): 'INPUT_SAMPLE_COUNT' : macro redefinition\nCompiling Vertex program
  error: 1 plat 4 at (48): 'INPUT_SAMPLE_COUNT' : macro redefinition\nCompiling Vertex program
  api=4 type=0 insize=1895 outsize=1119 kw= pd= ok=1
Cmd: compileSnippet
  error: 1 plat 4 at (42): 'INPUT_SAMPLE_COUNT' : macro redefinition\nCompiling Fragment program
  error: 1 plat 4 at (45): 'INPUT_SAMPLE_COUNT' : macro redefinition\nCompiling Fragment program
  error: 1 plat 4 at (48): 'INPUT_SAMPLE_COUNT' : macro redefinition\nCompiling Fragment program
  api=4 type=1 insize=1895 outsize=1111 kw= pd= ok=1
Cmd: preprocess
  insize=4159 outsize=1016 ok=1
Cmd: compileSnippet
  api=4 type=0 insize=3447 outsize=2281 kw=WATER_REFRACTIVE pd= ok=1
Cmd: compileSnippet
  api=4 type=1 insize=3447 outsize=2891 kw=WATER_REFRACTIVE pd= ok=1
Cmd: preprocess
  insize=2505 outsize=3292 ok=1
Cmd: compileSnippet
  api=4 type=0 insize=8604 outsize=5190 kw=DIRECTIONAL SHADOWS_OFF LIGHTMAP_OFF DIRLIGHTMAP_OFF DYNAMICLIGHTMAP_OFF pd= ok=1
Cmd: compileSnippet
  api=4 type=1 insize=8604 outsize=3890 kw=DIRECTIONAL SHADOWS_OFF LIGHTMAP_OFF DIRLIGHTMAP_OFF DYNAMICLIGHTMAP_OFF pd= ok=1
Cmd: compileSnippet
  api=4 type=0 insize=5990 outsize=4272 kw=POINT pd= ok=1
Cmd: compileSnippet
  api=4 type=1 insize=5990 outsize=4573 kw=POINT pd= ok=1
Cmd: compileSnippet
  api=4 type=0 insize=5239 outsize=4231 kw= pd= ok=1
Cmd: compileSnippet
  api=4 type=1 insize=5239 outsize=2647 kw= pd= ok=1
Cmd: compileSnippet
  api=4 type=0 insize=7390 outsize=4166 kw=LIGHTMAP_OFF DIRLIGHTMAP_OFF DYNAMICLIGHTMAP_OFF HDR_LIGHT_PREPASS_OFF pd= ok=1
Cmd: compileSnippet
  api=4 type=1 insize=7390 outsize=2306 kw=LIGHTMAP_OFF DIRLIGHTMAP_OFF DYNAMICLIGHTMAP_OFF HDR_LIGHT_PREPASS_OFF pd= ok=1
Cmd: compileSnippet
  api=4 type=0 insize=8462 outsize=5328 kw=LIGHTMAP_OFF DIRLIGHTMAP_OFF DYNAMICLIGHTMAP_OFF HDR_LIGHT_PREPASS_OFF pd= ok=1
Cmd: compileSnippet
  api=4 type=1 insize=8462 outsize=4280 kw=LIGHTMAP_OFF DIRLIGHTMAP_OFF DYNAMICLIGHTMAP_OFF HDR_LIGHT_PREPASS_OFF pd= ok=1
Cmd: compileSnippet
  api=4 type=0 insize=5056 outsize=4751 kw= pd= ok=1
Cmd: compileSnippet
  api=4 type=1 insize=5056 outsize=2354 kw= pd= ok=1
Cmd: preprocess
  error: 1 plat 18 at (84): Both vertex and fragment programs must be present in a CGPROGRAM. Excluding it from compilation.
  insize=2292 outsize=1220 ok=1
Cmd: preprocess
  insize=3375 outsize=706 ok=1
Cmd: compileSnippet
  api=4 type=0 insize=2803 outsize=1583 kw= pd= ok=1
Cmd: compileSnippet
  api=4 type=1 insize=2803 outsize=2241 kw= pd= ok=1
Cmd: compileSnippet
  api=4 type=0 insize=2794 outsize=1583 kw= pd= ok=1
Cmd: compileSnippet
  api=4 type=1 insize=2794 outsize=1648 kw= pd= ok=1
Cmd: compileSnippet
  api=4 type=0 insize=2793 outsize=1583 kw= pd= ok=1
Cmd: compileSnippet
  api=4 type=1 insize=2793 outsize=1696 kw= pd= ok=1
Cmd: compileSnippet
  api=4 type=0 insize=2805 outsize=1583 kw= pd= ok=1
Cmd: compileSnippet
  api=4 type=1 insize=2805 outsize=2176 kw= pd= ok=1
Cmd: preprocess
  insize=1192 outsize=314 ok=1
Cmd: preprocess
  insize=1116 outsize=325 ok=1
Cmd: preprocess
  insize=13919 outsize=2626 ok=1
Cmd: compileSnippet
  api=4 type=0 insize=10333 outsize=1006 kw= pd= ok=1
Cmd: compileSnippet
  api=4 type=1 insize=10333 outsize=1193 kw= pd= ok=1
Cmd: compileSnippet
  api=4 type=0 insize=10332 outsize=1006 kw= pd= ok=1
Cmd: compileSnippet
  api=4 type=1 insize=10332 outsize=1631 kw= pd= ok=1
Cmd: compileSnippet
  api=4 type=0 insize=10332 outsize=1006 kw= pd= ok=1
Cmd: compileSnippet
  api=4 type=1 insize=10332 outsize=1704 kw= pd= ok=1
Cmd: compileSnippet
  api=4 type=0 insize=10314 outsize=1006 kw= pd= ok=1
Cmd: compileSnippet
  api=4 type=1 insize=10314 outsize=1225 kw= pd= ok=1
Cmd: compileSnippet
  api=4 type=0 insize=10333 outsize=1006 kw= pd= ok=1
Cmd: compileSnippet
  api=4 type=1 insize=10333 outsize=1355 kw= pd= ok=1
Cmd: compileSnippet
  api=4 type=0 insize=10314 outsize=1006 kw= pd= ok=1
Cmd: compileSnippet
  api=4 type=1 insize=10314 outsize=1623 kw= pd= ok=1
Cmd: compileSnippet
  api=4 type=0 insize=10359 outsize=1363 kw= pd= ok=1
Cmd: compileSnippet
  api=4 type=1 insize=10359 outsize=1867 kw= pd= ok=1
Cmd: compileSnippet
  api=4 type=0 insize=10313 outsize=1006 kw= pd= ok=1
Cmd: compileSnippet
  api=4 type=1 insize=10313 outsize=526 kw= pd= ok=1
Cmd: compileSnippet
  api=4 type=0 insize=10317 outsize=1006 kw= pd= ok=1
Cmd: compileSnippet
  api=4 type=1 insize=10317 outsize=616 kw= pd= ok=1
Cmd: compileSnippet
  api=4 type=0 insize=10339 outsize=2176 kw= pd= ok=1
Cmd: compileSnippet
  api=4 type=1 insize=10339 outsize=3281 kw= pd= ok=1
Cmd: compileSnippet
  api=4 type=0 insize=10333 outsize=2176 kw= pd= ok=1
Cmd: compileSnippet
  api=4 type=1 insize=10333 outsize=3443 kw= pd= ok=1
Cmd: compileSnippet
  api=4 type=0 insize=10339 outsize=2176 kw= pd= ok=1
Cmd: compileSnippet
  api=4 type=1 insize=10339 outsize=3281 kw= pd= ok=1
Cmd: preprocess
  insize=1108 outsize=458 ok=1
Cmd: compileSnippet
  api=4 type=0 insize=952 outsize=1006 kw= pd= ok=1
Cmd: compileSnippet
  api=4 type=1 insize=952 outsize=1574 kw= pd= ok=1
Cmd: preprocess
  insize=1284 outsize=412 ok=1
Cmd: preprocess
  insize=7424 outsize=1104 ok=1
Cmd: preprocess
  insize=12815 outsize=2575 ok=1
Cmd: compileSnippet
  api=4 type=0 insize=10255 outsize=5393 kw=WATER_REFLECTIVE WATER_VERTEX_DISPLACEMENT_ON WATER_EDGEBLEND_ON pd= ok=1
Cmd: compileSnippet
  api=4 type=1 insize=10255 outsize=6157 kw=WATER_REFLECTIVE WATER_VERTEX_DISPLACEMENT_ON WATER_EDGEBLEND_ON pd= ok=1
Cmd: compileSnippet
  api=4 type=0 insize=10261 outsize=5003 kw=WATER_REFLECTIVE WATER_VERTEX_DISPLACEMENT_ON WATER_EDGEBLEND_ON pd= ok=1
Cmd: compileSnippet
  api=4 type=1 insize=10261 outsize=4743 kw=WATER_REFLECTIVE WATER_VERTEX_DISPLACEMENT_ON WATER_EDGEBLEND_ON pd= ok=1
Cmd: compileSnippet
  api=4 type=0 insize=10030 outsize=1989 kw= pd= ok=1
Cmd: compileSnippet
  api=4 type=1 insize=10030 outsize=3329 kw= pd= ok=1
Cmd: preprocess
  insize=1080 outsize=489 ok=1
Cmd: preprocess
  insize=724 outsize=315 ok=1
Cmd: compileSnippet
  api=4 type=0 insize=714 outsize=1006 kw= pd= ok=1
Cmd: compileSnippet
  api=4 type=1 insize=714 outsize=729 kw= pd= ok=1
Cmd: preprocess
  insize=4076 outsize=684 ok=1
Cmd: compileSnippet
  api=4 type=0 insize=3418 outsize=1006 kw= pd= ok=1
Cmd: compileSnippet
  api=4 type=1 insize=3418 outsize=1274 kw= pd= ok=1
Cmd: compileSnippet
  api=4 type=0 insize=3425 outsize=2151 kw= pd= ok=1
Cmd: compileSnippet
  api=4 type=1 insize=3425 outsize=1851 kw= pd= ok=1
Cmd: compileSnippet
  api=4 type=0 insize=3434 outsize=2135 kw= pd= ok=1
Cmd: compileSnippet
  api=4 type=1 insize=3434 outsize=2208 kw= pd= ok=1
Cmd: compileSnippet
  api=4 type=0 insize=3429 outsize=2135 kw= pd= ok=1
Cmd: compileSnippet
  api=4 type=1 insize=3429 outsize=2419 kw= pd= ok=1
Cmd: preprocess
  insize=1709 outsize=728 ok=1
Cmd: compileSnippet
  api=4 type=0 insize=1287 outsize=1843 kw= pd= ok=1
Cmd: compileSnippet
  api=4 type=1 insize=1287 outsize=1371 kw= pd= ok=1
Cmd: preprocess
  insize=1339 outsize=296 ok=1
Cmd: preprocess
  insize=1685 outsize=352 ok=1
Cmd: preprocess
  insize=5809 outsize=873 ok=1
Cmd: preprocess
  insize=4425 outsize=555 ok=1
Cmd: preprocess
  insize=1604 outsize=301 ok=1
Cmd: preprocess
  insize=2165 outsize=644 ok=1
Cmd: compileSnippet
  api=4 type=0 insize=1827 outsize=1201 kw= pd= ok=1
Cmd: compileSnippet
  api=4 type=1 insize=1827 outsize=2623 kw= pd= ok=1
Cmd: preprocess
  insize=1183 outsize=296 ok=1
Cmd: preprocess
  insize=1950 outsize=490 ok=1
Cmd: compileSnippet
  api=4 type=0 insize=1736 outsize=1006 kw= pd= ok=1
Cmd: compileSnippet
  api=4 type=1 insize=1736 outsize=1615 kw= pd= ok=1
Cmd: compileSnippet
  api=4 type=0 insize=1749 outsize=1006 kw= pd= ok=1
Cmd: compileSnippet
  api=4 type=1 insize=1749 outsize=1916 kw= pd= ok=1
Cmd: preprocess
  insize=4869 outsize=1093 ok=1
Cmd: preprocess
  insize=1437 outsize=347 ok=1
Cmd: compileSnippet
  api=4 type=0 insize=1396 outsize=1802 kw= pd= ok=1
Cmd: compileSnippet
  api=4 type=1 insize=1396 outsize=1347 kw= pd= ok=1
Cmd: preprocess
  insize=1403 outsize=346 ok=1
Cmd: preprocess
  insize=11975 outsize=2457 ok=1
Cmd: compileSnippet
  api=4 type=0 insize=9538 outsize=5044 kw=WATER_REFLECTIVE WATER_VERTEX_DISPLACEMENT_ON WATER_EDGEBLEND_ON pd= ok=1
Cmd: compileSnippet
  api=4 type=1 insize=9538 outsize=5263 kw=WATER_REFLECTIVE WATER_VERTEX_DISPLACEMENT_ON WATER_EDGEBLEND_ON pd= ok=1
Cmd: compileSnippet
  api=4 type=0 insize=9540 outsize=4751 kw=WATER_REFLECTIVE WATER_VERTEX_DISPLACEMENT_ON WATER_EDGEBLEND_ON pd= ok=1
Cmd: compileSnippet
  api=4 type=1 insize=9540 outsize=4475 kw=WATER_REFLECTIVE WATER_VERTEX_DISPLACEMENT_ON WATER_EDGEBLEND_ON pd= ok=1
Cmd: compileSnippet
  api=4 type=0 insize=9313 outsize=1948 kw= pd= ok=1
Cmd: compileSnippet
  api=4 type=1 insize=9313 outsize=3329 kw= pd= ok=1
Cmd: preprocess
  insize=2494 outsize=780 ok=1
Cmd: compileSnippet
  api=4 type=0 insize=1760 outsize=1355 kw= pd= ok=1
Cmd: compileSnippet
  api=4 type=1 insize=1760 outsize=949 kw= pd= ok=1
Cmd: compileSnippet
  api=4 type=0 insize=1760 outsize=1355 kw= pd= ok=1
Cmd: compileSnippet
  api=4 type=1 insize=1760 outsize=1176 kw= pd= ok=1
Cmd: compileSnippet
  api=4 type=0 insize=1762 outsize=1355 kw= pd= ok=1
Cmd: compileSnippet
  api=4 type=1 insize=1762 outsize=989 kw= pd= ok=1
Cmd: compileSnippet
  api=4 type=0 insize=1763 outsize=1355 kw= pd= ok=1
Cmd: compileSnippet
  api=4 type=1 insize=1763 outsize=1461 kw= pd= ok=1
Cmd: compileSnippet
  api=4 type=0 insize=1766 outsize=1355 kw= pd= ok=1
Cmd: compileSnippet
  api=4 type=1 insize=1766 outsize=973 kw= pd= ok=1
Cmd: preprocess
  insize=586 outsize=360 ok=1
Cmd: preprocess
  insize=1038 outsize=358 ok=1
Cmd: preprocess
  insize=662 outsize=1579 ok=1
Cmd: preprocess
  insize=1802 outsize=527 ok=1
Cmd: compileSnippet
  api=4 type=0 insize=1581 outsize=2200 kw= pd= ok=1
Cmd: compileSnippet
  api=4 type=1 insize=1581 outsize=2086 kw= pd= ok=1
Cmd: preprocess
  insize=1116 outsize=407 ok=1
Cmd: preprocess
  insize=977 outsize=438 ok=1
Cmd: preprocess
  insize=790 outsize=320 ok=1
Cmd: preprocess
  insize=1737 outsize=297 ok=1
Cmd: preprocess
  insize=24592 outsize=3218 ok=1
Cmd: compileSnippet
  api=4 type=0 insize=20011 outsize=1314 kw= pd= ok=1
Cmd: compileSnippet
  api=4 type=1 insize=20011 outsize=1314 kw= pd= ok=1
Cmd: compileSnippet
  api=4 type=0 insize=20005 outsize=1314 kw= pd= ok=1
Cmd: compileSnippet
  api=4 type=1 insize=20005 outsize=843 kw= pd= ok=1
Cmd: compileSnippet
  api=4 type=0 insize=20020 outsize=2257 kw= pd= ok=1
Cmd: compileSnippet
  api=4 type=1 insize=20020 outsize=2566 kw= pd= ok=1
Cmd: compileSnippet
  api=4 type=0 insize=20005 outsize=1314 kw= pd= ok=1
Cmd: compileSnippet
  api=4 type=1 insize=20005 outsize=1314 kw= pd= ok=1
Cmd: compileSnippet
  api=4 type=0 insize=20015 outsize=1314 kw= pd= ok=1
Cmd: compileSnippet
  api=4 type=1 insize=20015 outsize=1306 kw= pd= ok=1
Cmd: compileSnippet
  api=4 type=0 insize=20014 outsize=1314 kw= pd= ok=1
Cmd: compileSnippet
  api=4 type=1 insize=20014 outsize=3354 kw= pd= ok=1
Cmd: compileSnippet
  api=4 type=0 insize=19970 outsize=1314 kw= pd= ok=1
Cmd: compileSnippet
  api=4 type=1 insize=19970 outsize=1778 kw= pd= ok=1
Cmd: compileSnippet
  api=4 type=0 insize=20008 outsize=1314 kw= pd= ok=1
Cmd: compileSnippet
  api=4 type=1 insize=20008 outsize=1404 kw= pd= ok=1
Cmd: compileSnippet
  api=4 type=0 insize=19976 outsize=1314 kw= pd= ok=1
Cmd: compileSnippet
  api=4 type=1 insize=19976 outsize=949 kw= pd= ok=1
Cmd: compileSnippet
  api=4 type=0 insize=20013 outsize=1314 kw= pd= ok=1
Cmd: compileSnippet
  api=4 type=1 insize=20013 outsize=3159 kw= pd= ok=1
Cmd: compileSnippet
  api=4 type=0 insize=20006 outsize=1314 kw= pd= ok=1
Cmd: compileSnippet
  api=4 type=1 insize=20006 outsize=2631 kw= pd= ok=1
Cmd: compileSnippet
  api=4 type=0 insize=20009 outsize=1314 kw= pd= ok=1
Cmd: compileSnippet
  api=4 type=1 insize=20009 outsize=3443 kw= pd= ok=1
Cmd: compileSnippet
  api=4 type=0 insize=20015 outsize=1314 kw= pd= ok=1
Cmd: compileSnippet
  api=4 type=1 insize=20015 outsize=4012 kw= pd= ok=1
Cmd: compileSnippet
  api=4 type=0 insize=20012 outsize=1314 kw= pd= ok=1
Cmd: compileSnippet
  api=4 type=1 insize=20012 outsize=3159 kw= pd= ok=1
Cmd: compileSnippet
  api=4 type=0 insize=20005 outsize=1314 kw= pd= ok=1
Cmd: compileSnippet
  api=4 type=1 insize=20005 outsize=4264 kw= pd= ok=1
Cmd: compileSnippet
  api=4 type=0 insize=20010 outsize=1314 kw= pd= ok=1
Cmd: compileSnippet
  api=4 type=1 insize=20010 outsize=4759 kw= pd= ok=1
Cmd: preprocess
  insize=2633 outsize=351 ok=1
Cmd: compileSnippet
  api=4 type=0 insize=2586 outsize=1542 kw= pd= ok=1
Cmd: compileSnippet
  api=4 type=1 insize=2586 outsize=3175 kw= pd= ok=1
Cmd: preprocess
  insize=919 outsize=355 ok=1
Cmd: compileSnippet
  api=4 type=0 insize=869 outsize=1006 kw= pd= ok=1
Cmd: compileSnippet
  api=4 type=1 insize=869 outsize=1241 kw= pd= ok=1
Cmd: preprocess
  insize=1006 outsize=316 ok=1
Cmd: compileSnippet
  api=4 type=0 insize=995 outsize=1006 kw= pd= ok=1
Cmd: compileSnippet
  api=4 type=1 insize=995 outsize=973 kw= pd= ok=1
Cmd: preprocess
  insize=968 outsize=305 ok=1
Cmd: preprocess
  insize=4203 outsize=523 ok=1
Cmd: preprocess
  insize=5109 outsize=1741 ok=1
Cmd: compileSnippet
  api=4 type=0 insize=3672 outsize=1769 kw= pd= ok=1
Cmd: compileSnippet
  api=4 type=1 insize=3672 outsize=6961 kw= pd= ok=1
Cmd: preprocess
  insize=1026 outsize=351 ok=1
Cmd: preprocess
  insize=1546 outsize=457 ok=1
Cmd: compileSnippet
  api=4 type=0 insize=1377 outsize=1241 kw= pd= ok=1
Cmd: compileSnippet
  api=4 type=1 insize=1377 outsize=616 kw= pd= ok=1
Cmd: compileSnippet
  api=4 type=0 insize=1367 outsize=1241 kw= pd= ok=1
Cmd: compileSnippet
  api=4 type=1 insize=1367 outsize=1225 kw= pd= ok=1
Cmd: preprocess
  insize=965 outsize=271 ok=1
Cmd: preprocess
  insize=1668 outsize=1886 ok=1
Cmd: compileSnippet
  api=4 type=0 insize=8578 outsize=5036 kw=DIRECTIONAL SHADOWS_OFF LIGHTMAP_OFF DIRLIGHTMAP_OFF DYNAMICLIGHTMAP_OFF pd= ok=1
Cmd: compileSnippet
  api=4 type=1 insize=8578 outsize=4231 kw=DIRECTIONAL SHADOWS_OFF LIGHTMAP_OFF DIRLIGHTMAP_OFF DYNAMICLIGHTMAP_OFF pd= ok=1
Cmd: compileSnippet
  api=4 type=0 insize=5964 outsize=4272 kw=POINT pd= ok=1
Cmd: compileSnippet
  api=4 type=1 insize=5964 outsize=4573 kw=POINT pd= ok=1
Cmd: compileSnippet
  api=4 type=0 insize=5213 outsize=4231 kw= pd= ok=1
Cmd: compileSnippet
  api=4 type=1 insize=5213 outsize=2647 kw= pd= ok=1
Cmd: compileSnippet
  api=4 type=0 insize=7364 outsize=4166 kw=LIGHTMAP_OFF DIRLIGHTMAP_OFF DYNAMICLIGHTMAP_OFF HDR_LIGHT_PREPASS_OFF pd= ok=1
Cmd: compileSnippet
  api=4 type=1 insize=7364 outsize=2306 kw=LIGHTMAP_OFF DIRLIGHTMAP_OFF DYNAMICLIGHTMAP_OFF HDR_LIGHT_PREPASS_OFF pd= ok=1
Cmd: compileSnippet
  api=4 type=0 insize=8436 outsize=5036 kw=LIGHTMAP_OFF DIRLIGHTMAP_OFF DYNAMICLIGHTMAP_OFF HDR_LIGHT_PREPASS_OFF pd= ok=1
Cmd: compileSnippet
  api=4 type=1 insize=8436 outsize=4508 kw=LIGHTMAP_OFF DIRLIGHTMAP_OFF DYNAMICLIGHTMAP_OFF HDR_LIGHT_PREPASS_OFF pd= ok=1
Cmd: compileSnippet
  api=4 type=0 insize=5030 outsize=4751 kw= pd= ok=1
Cmd: compileSnippet
  api=4 type=1 insize=5030 outsize=2354 kw= pd= ok=1
Cmd: preprocess
  insize=721 outsize=317 ok=1
Cmd: preprocess
  insize=32625 outsize=273 ok=1
Cmd: preprocess
  insize=778 outsize=304 ok=1
Cmd: preprocess
  insize=1989 outsize=486 ok=1
Cmd: preprocess
  insize=6780 outsize=255 ok=1
Cmd: compileSnippet
  api=4 type=0 insize=6827 outsize=1396 kw= pd= ok=1
Cmd: compileSnippet
  api=4 type=1 insize=6827 outsize=4361 kw= pd= ok=1
Cmd: preprocess
  insize=2143 outsize=982 ok=1
Cmd: preprocess
  insize=738 outsize=267 ok=1
Cmd: preprocess
  insize=883 outsize=301 ok=1
Cmd: preprocess
  insize=1377 outsize=384 ok=1
Cmd: preprocess
  insize=1216 outsize=260 ok=1
Cmd: preprocess
  insize=2671 outsize=773 ok=1
Cmd: compileSnippet
  api=4 type=0 insize=2000 outsize=1355 kw= pd= ok=1
Cmd: compileSnippet
  api=4 type=1 insize=2000 outsize=1217 kw= pd= ok=1
Cmd: compileSnippet
  api=4 type=0 insize=1997 outsize=1355 kw= pd= ok=1
Cmd: compileSnippet
  api=4 type=1 insize=1997 outsize=949 kw= pd= ok=1
Cmd: compileSnippet
  api=4 type=0 insize=2010 outsize=1656 kw= pd= ok=1
Cmd: compileSnippet
  api=4 type=1 insize=2010 outsize=1323 kw= pd= ok=1
Cmd: compileSnippet
  api=4 type=0 insize=2009 outsize=1355 kw= pd= ok=1
Cmd: compileSnippet
  api=4 type=1 insize=2009 outsize=868 kw= pd= ok=1
Cmd: compileSnippet
  api=4 type=0 insize=5990 outsize=4272 kw=DIRECTIONAL pd= ok=1
Cmd: compileSnippet
  api=4 type=1 insize=5990 outsize=3793 kw=DIRECTIONAL pd= ok=1
Cmd: compileSnippet
  api=4 type=0 insize=1274 outsize=14623 kw=SHADOWS_DEPTH GEOM_TYPE_FROND pd= ok=1
Cmd: compileSnippet
  api=4 type=1 insize=1274 outsize=908 kw=SHADOWS_DEPTH GEOM_TYPE_FROND pd= ok=1
Cmd: compileSnippet
  api=4 type=0 insize=455008 outsize=15688 kw=DIRECTIONAL SHADOWS_OFF LIGHTMAP_OFF DIRLIGHTMAP_OFF DYNAMICLIGHTMAP_OFF EFFECT_BUMP EFFECT_HUE_VARIATION GEOM_TYPE_FROND pd= ok=1
Cmd: compileSnippet
  api=4 type=1 insize=455008 outsize=3151 kw=DIRECTIONAL SHADOWS_OFF LIGHTMAP_OFF DIRLIGHTMAP_OFF DYNAMICLIGHTMAP_OFF EFFECT_BUMP EFFECT_HUE_VARIATION GEOM_TYPE_FROND pd= ok=1
Cmd: compileSnippet
  api=4 type=0 insize=291968 outsize=15062 kw=DIRECTIONAL EFFECT_BUMP EFFECT_HUE_VARIATION GEOM_TYPE_FROND pd= ok=1
Cmd: compileSnippet
  api=4 type=1 insize=291968 outsize=2761 kw=DIRECTIONAL EFFECT_BUMP EFFECT_HUE_VARIATION GEOM_TYPE_FROND pd= ok=1
Cmd: compileSnippet
  api=4 type=0 insize=1274 outsize=13583 kw=SHADOWS_DEPTH GEOM_TYPE_BRANCH pd= ok=1
Cmd: compileSnippet
  api=4 type=1 insize=1274 outsize=453 kw=SHADOWS_DEPTH GEOM_TYPE_BRANCH pd= ok=1
Cmd: compileSnippet
  api=4 type=0 insize=455008 outsize=14786 kw=DIRECTIONAL SHADOWS_OFF LIGHTMAP_OFF DIRLIGHTMAP_OFF DYNAMICLIGHTMAP_OFF EFFECT_BUMP EFFECT_HUE_VARIATION GEOM_TYPE_BRANCH pd= ok=1
Cmd: compileSnippet
  api=4 type=1 insize=455008 outsize=2972 kw=DIRECTIONAL SHADOWS_OFF LIGHTMAP_OFF DIRLIGHTMAP_OFF DYNAMICLIGHTMAP_OFF EFFECT_BUMP EFFECT_HUE_VARIATION GEOM_TYPE_BRANCH pd= ok=1
Cmd: compileSnippet
  api=4 type=0 insize=291968 outsize=14160 kw=DIRECTIONAL EFFECT_BUMP EFFECT_HUE_VARIATION GEOM_TYPE_BRANCH pd= ok=1
Cmd: compileSnippet
  api=4 type=1 insize=291968 outsize=2582 kw=DIRECTIONAL EFFECT_BUMP EFFECT_HUE_VARIATION GEOM_TYPE_BRANCH pd= ok=1
Cmd: compileSnippet
  api=4 type=0 insize=1274 outsize=22943 kw=SHADOWS_DEPTH GEOM_TYPE_LEAF pd= ok=1
Cmd: compileSnippet
  api=4 type=1 insize=1274 outsize=908 kw=SHADOWS_DEPTH GEOM_TYPE_LEAF pd= ok=1
Cmd: compileSnippet
  api=4 type=0 insize=455008 outsize=23983 kw=DIRECTIONAL SHADOWS_OFF LIGHTMAP_OFF DIRLIGHTMAP_OFF DYNAMICLIGHTMAP_OFF EFFECT_BUMP EFFECT_HUE_VARIATION GEOM_TYPE_LEAF pd= ok=1
Cmd: compileSnippet
  api=4 type=1 insize=455008 outsize=3151 kw=DIRECTIONAL SHADOWS_OFF LIGHTMAP_OFF DIRLIGHTMAP_OFF DYNAMICLIGHTMAP_OFF EFFECT_BUMP EFFECT_HUE_VARIATION GEOM_TYPE_LEAF pd= ok=1
Cmd: compileSnippet
  api=4 type=0 insize=291968 outsize=23358 kw=DIRECTIONAL EFFECT_BUMP EFFECT_HUE_VARIATION GEOM_TYPE_LEAF pd= ok=1
Cmd: compileSnippet
  api=4 type=1 insize=291968 outsize=2761 kw=DIRECTIONAL EFFECT_BUMP EFFECT_HUE_VARIATION GEOM_TYPE_LEAF pd= ok=1
Cmd: compileSnippet
  api=4 type=0 insize=1274 outsize=13583 kw=SHADOWS_DEPTH GEOM_TYPE_BRANCH_DETAIL pd= ok=1
Cmd: compileSnippet
  api=4 type=1 insize=1274 outsize=453 kw=SHADOWS_DEPTH GEOM_TYPE_BRANCH_DETAIL pd= ok=1
Cmd: compileSnippet
  api=4 type=0 insize=455008 outsize=15054 kw=DIRECTIONAL SHADOWS_OFF LIGHTMAP_OFF DIRLIGHTMAP_OFF DYNAMICLIGHTMAP_OFF EFFECT_BUMP EFFECT_HUE_VARIATION GEOM_TYPE_BRANCH_DETAIL pd= ok=1
Cmd: compileSnippet
  api=4 type=1 insize=455008 outsize=3484 kw=DIRECTIONAL SHADOWS_OFF LIGHTMAP_OFF DIRLIGHTMAP_OFF DYNAMICLIGHTMAP_OFF EFFECT_BUMP EFFECT_HUE_VARIATION GEOM_TYPE_BRANCH_DETAIL pd= ok=1
Cmd: compileSnippet
  api=4 type=0 insize=291968 outsize=14428 kw=DIRECTIONAL EFFECT_BUMP EFFECT_HUE_VARIATION GEOM_TYPE_BRANCH_DETAIL pd= ok=1
Cmd: compileSnippet
  api=4 type=1 insize=291968 outsize=3094 kw=DIRECTIONAL EFFECT_BUMP EFFECT_HUE_VARIATION GEOM_TYPE_BRANCH_DETAIL pd= ok=1
Cmd: compileSnippet
  api=4 type=0 insize=751 outsize=3533 kw=SHADOWS_DEPTH pd= ok=1
Cmd: compileSnippet
  api=4 type=1 insize=751 outsize=380 kw=SHADOWS_DEPTH pd= ok=1
Cmd: compileSnippet
  api=4 type=0 insize=977 outsize=3979 kw=DIRECTIONAL SHADOWS_OFF LIGHTMAP_OFF DIRLIGHTMAP_OFF DYNAMICLIGHTMAP_OFF pd= ok=1
Cmd: compileSnippet
  api=4 type=1 insize=977 outsize=10504 kw=DIRECTIONAL SHADOWS_OFF LIGHTMAP_OFF DIRLIGHTMAP_OFF DYNAMICLIGHTMAP_OFF pd= ok=1
Cmd: compileSnippet
  api=4 type=0 insize=934 outsize=4101 kw=DIRECTIONAL SHADOWS_OFF pd= ok=1
Cmd: compileSnippet
  api=4 type=1 insize=934 outsize=5401 kw=DIRECTIONAL SHADOWS_OFF pd= ok=1
Cmd: compileSnippet
  api=4 type=0 insize=977 outsize=4703 kw=DIRECTIONAL SHADOWS_OFF LIGHTMAP_OFF DIRLIGHTMAP_OFF DYNAMICLIGHTMAP_OFF _NORMALMAP pd= ok=1
Cmd: compileSnippet
  api=4 type=1 insize=977 outsize=11292 kw=DIRECTIONAL SHADOWS_OFF LIGHTMAP_OFF DIRLIGHTMAP_OFF DYNAMICLIGHTMAP_OFF _NORMALMAP pd= ok=1
Cmd: compileSnippet
  api=4 type=0 insize=934 outsize=4101 kw=DIRECTIONAL SHADOWS_OFF _NORMALMAP pd= ok=1
Cmd: compileSnippet
  api=4 type=1 insize=934 outsize=6141 kw=DIRECTIONAL SHADOWS_OFF _NORMALMAP pd= ok=1
Cmd: compileSnippet
  api=4 type=0 insize=118661 outsize=8700 kw=DIRECTIONAL SHADOWS_OFF LIGHTMAP_OFF DIRLIGHTMAP_OFF DYNAMICLIGHTMAP_OFF EFFECT_BUMP EFFECT_HUE_VARIATION pd= ok=1
Cmd: compileSnippet
  api=4 type=1 insize=118661 outsize=3151 kw=DIRECTIONAL SHADOWS_OFF LIGHTMAP_OFF DIRLIGHTMAP_OFF DYNAMICLIGHTMAP_OFF EFFECT_BUMP EFFECT_HUE_VARIATION pd= ok=1
Cmd: compileSnippet
  api=4 type=0 insize=75205 outsize=8074 kw=DIRECTIONAL EFFECT_BUMP EFFECT_HUE_VARIATION pd= ok=1
Cmd: compileSnippet
  api=4 type=1 insize=75205 outsize=2761 kw=DIRECTIONAL EFFECT_BUMP EFFECT_HUE_VARIATION pd= ok=1
Cmd: compileSnippet
  api=4 type=0 insize=118661 outsize=10520 kw=DIRECTIONAL SHADOWS_OFF LIGHTMAP_OFF DIRLIGHTMAP_OFF DYNAMICLIGHTMAP_OFF EFFECT_BUMP EFFECT_HUE_VARIATION BILLBOARD_FACE_CAMERA_POS pd= ok=1
Cmd: compileSnippet
  api=4 type=1 insize=118661 outsize=3151 kw=DIRECTIONAL SHADOWS_OFF LIGHTMAP_OFF DIRLIGHTMAP_OFF DYNAMICLIGHTMAP_OFF EFFECT_BUMP EFFECT_HUE_VARIATION BILLBOARD_FACE_CAMERA_POS pd= ok=1
Cmd: compileSnippet
  api=4 type=0 insize=75205 outsize=9894 kw=DIRECTIONAL EFFECT_BUMP EFFECT_HUE_VARIATION BILLBOARD_FACE_CAMERA_POS pd= ok=1
Cmd: compileSnippet
  api=4 type=1 insize=75205 outsize=2761 kw=DIRECTIONAL EFFECT_BUMP EFFECT_HUE_VARIATION BILLBOARD_FACE_CAMERA_POS pd= ok=1
Cmd: compileSnippet
  api=4 type=0 insize=8604 outsize=5580 kw=DIRECTIONAL SHADOWS_SCREEN LIGHTMAP_OFF DIRLIGHTMAP_OFF DYNAMICLIGHTMAP_OFF pd= ok=1
Cmd: compileSnippet
  api=4 type=1 insize=8604 outsize=4207 kw=DIRECTIONAL SHADOWS_SCREEN LIGHTMAP_OFF DIRLIGHTMAP_OFF DYNAMICLIGHTMAP_OFF pd= ok=1
